{"numFailedTestSuites":0,"numFailedTests":0,"numPassedTestSuites":1,"numPassedTests":2,"numPendingTestSuites":0,"numPendingTests":0,"numRuntimeErrorTestSuites":0,"numTodoTests":0,"numTotalTestSuites":1,"numTotalTests":2,"openHandles":[],"snapshot":{"added":0,"didUpdate":false,"failure":false,"filesAdded":0,"filesRemoved":0,"filesRemovedList":[],"filesUnmatched":0,"filesUpdated":0,"matched":0,"total":0,"unchecked":0,"uncheckedKeysByFile":[],"unmatched":0,"updated":0},"startTime":1660309372453,"success":true,"testResults":[{"assertionResults":[{"ancestorTitles":["test add function"],"failureMessages":[],"fullName":"test add function should return 15 for add(10,5)","location":{"column":3,"line":4},"status":"passed","title":"should return 15 for add(10,5)"},{"ancestorTitles":["test add function"],"failureMessages":[],"fullName":"test add function should return 5 for add(2,3)","location":{"column":1,"line":7},"status":"passed","title":"should return 5 for add(2,3)"}],"endTime":1660309375565,"message":"","name":"C:\\Git\\storyReport\\src\\utils\\calculator\\calculator.test.ts","startTime":1660309372675,"status":"passed","summary":""}],"wasInterrupted":false,"coverageMap":{"C:\\Git\\storyReport\\src\\utils\\calculator\\calculator.ts":{"path":"C:\\Git\\storyReport\\src\\utils\\calculator\\calculator.ts","statementMap":{"0":{"start":{"line":2,"column":4},"end":{"line":2,"column":17}},"1":{"start":{"line":1,"column":0},"end":{"line":1,"column":16}}},"fnMap":{"0":{"name":"add","decl":{"start":{"line":1,"column":16},"end":{"line":1,"column":19}},"loc":{"start":{"line":1,"column":40},"end":{"line":3,"column":1}}}},"branchMap":{},"s":{"0":2,"1":1},"f":{"0":2},"b":{}}}}